2019-12-05 13:40:54.407  INFO 4528 --- [main] c.e.c.SpringbootStudy01ApplicationTests  : Starting SpringbootStudy01ApplicationTests on DESKTOP-S1DF2OB with PID 4528 (started by ABC in C:\Users\ABC\git\Study_SpringBoot\Springboot_Study01)
2019-12-05 13:40:54.416 DEBUG 4528 --- [main] c.e.c.SpringbootStudy01ApplicationTests  : Running with Spring Boot v2.2.1.RELEASE, Spring v5.2.1.RELEASE
2019-12-05 13:40:54.417  INFO 4528 --- [main] c.e.c.SpringbootStudy01ApplicationTests  : No active profile set, falling back to default profiles: default
2019-12-05 13:40:55.343  WARN 4528 --- [main] o.m.s.mapper.ClassPathMapperScanner      : No MyBatis mapper was found in '[com.edu.cmn]' package. Please check your configuration.
2019-12-05 13:40:56.143  INFO 4528 --- [main] o.s.s.concurrent.ThreadPoolTaskExecutor  : Initializing ExecutorService 'applicationTaskExecutor'
2019-12-05 13:40:56.952  INFO 4528 --- [main] c.e.c.SpringbootStudy01ApplicationTests  : Started SpringbootStudy01ApplicationTests in 3.08 seconds (JVM running for 4.575)
2019-12-05 13:40:57.453  INFO 4528 --- [main] com.zaxxer.hikari.HikariDataSource       : HikariPool-1 - Starting...
2019-12-05 13:40:58.421  INFO 4528 --- [main] com.zaxxer.hikari.HikariDataSource       : HikariPool-1 - Start completed.
2019-12-05 13:40:58.424 DEBUG 4528 --- [main] c.e.c.SpringbootStudy01ApplicationTests  : conn =>HikariProxyConnection@170050776 wrapping com.mysql.cj.jdbc.ConnectionImpl@45cd7bc5
2019-12-05 13:40:58.545  INFO 4528 --- [SpringContextShutdownHook] com.zaxxer.hikari.HikariDataSource       : HikariPool-1 - Shutdown initiated...
2019-12-05 13:40:58.597  INFO 4528 --- [SpringContextShutdownHook] com.zaxxer.hikari.HikariDataSource       : HikariPool-1 - Shutdown completed.
2019-12-05 13:40:58.598  INFO 4528 --- [SpringContextShutdownHook] o.s.s.concurrent.ThreadPoolTaskExecutor  : Shutting down ExecutorService 'applicationTaskExecutor'
2019-12-05 13:43:49.894  INFO 10192 --- [main] c.e.c.SpringbootStudy01ApplicationTests  : Starting SpringbootStudy01ApplicationTests on DESKTOP-S1DF2OB with PID 10192 (started by ABC in C:\Users\ABC\git\Study_SpringBoot\Springboot_Study01)
2019-12-05 13:43:49.895 DEBUG 10192 --- [main] c.e.c.SpringbootStudy01ApplicationTests  : Running with Spring Boot v2.2.1.RELEASE, Spring v5.2.1.RELEASE
2019-12-05 13:43:49.896  INFO 10192 --- [main] c.e.c.SpringbootStudy01ApplicationTests  : No active profile set, falling back to default profiles: default
2019-12-05 13:43:50.632  WARN 10192 --- [main] o.m.s.mapper.ClassPathMapperScanner      : No MyBatis mapper was found in '[com.edu.cmn]' package. Please check your configuration.
2019-12-05 13:43:51.434  INFO 10192 --- [main] o.s.s.concurrent.ThreadPoolTaskExecutor  : Initializing ExecutorService 'applicationTaskExecutor'
2019-12-05 13:43:52.119  INFO 10192 --- [main] c.e.c.SpringbootStudy01ApplicationTests  : Started SpringbootStudy01ApplicationTests in 2.515 seconds (JVM running for 3.576)
2019-12-05 13:43:52.483  INFO 10192 --- [main] com.zaxxer.hikari.HikariDataSource       : HikariPool-1 - Starting...
2019-12-05 13:43:53.310  INFO 10192 --- [main] com.zaxxer.hikari.HikariDataSource       : HikariPool-1 - Start completed.
2019-12-05 13:43:53.314 DEBUG 10192 --- [main] c.e.c.SpringbootStudy01ApplicationTests  : conn =>HikariProxyConnection@1195403585 wrapping com.mysql.cj.jdbc.ConnectionImpl@61ecbee9
2019-12-05 13:43:53.410  INFO 10192 --- [SpringContextShutdownHook] com.zaxxer.hikari.HikariDataSource       : HikariPool-1 - Shutdown initiated...
2019-12-05 13:43:53.414  INFO 10192 --- [SpringContextShutdownHook] com.zaxxer.hikari.HikariDataSource       : HikariPool-1 - Shutdown completed.
2019-12-05 13:43:53.415  INFO 10192 --- [SpringContextShutdownHook] o.s.s.concurrent.ThreadPoolTaskExecutor  : Shutting down ExecutorService 'applicationTaskExecutor'
2019-12-05 13:53:05.568  INFO 5380 --- [main] c.e.c.SpringbootStudy01ApplicationTests  : Starting SpringbootStudy01ApplicationTests on DESKTOP-S1DF2OB with PID 5380 (started by ABC in C:\Users\ABC\git\Study_SpringBoot\Springboot_Study01)
2019-12-05 13:53:05.569 DEBUG 5380 --- [main] c.e.c.SpringbootStudy01ApplicationTests  : Running with Spring Boot v2.2.1.RELEASE, Spring v5.2.1.RELEASE
2019-12-05 13:53:05.569  INFO 5380 --- [main] c.e.c.SpringbootStudy01ApplicationTests  : No active profile set, falling back to default profiles: default
2019-12-05 13:53:06.333  WARN 5380 --- [main] o.m.s.mapper.ClassPathMapperScanner      : No MyBatis mapper was found in '[com.edu.cmn]' package. Please check your configuration.
2019-12-05 13:53:07.090  INFO 5380 --- [main] o.s.s.concurrent.ThreadPoolTaskExecutor  : Initializing ExecutorService 'applicationTaskExecutor'
2019-12-05 13:53:07.741  INFO 5380 --- [main] c.e.c.SpringbootStudy01ApplicationTests  : Started SpringbootStudy01ApplicationTests in 2.459 seconds (JVM running for 3.51)
2019-12-05 13:53:07.799 ERROR 5380 --- [main] o.s.test.context.TestContextManager      : Caught exception while allowing TestExecutionListener [org.springframework.boot.test.autoconfigure.SpringBootDependencyInjectionTestExecutionListener@a2431d0] to prepare test instance [com.edu.cmn.SpringbootStudy01ApplicationTests@3effd4f3]

org.springframework.beans.factory.UnsatisfiedDependencyException: Error creating bean with name 'com.edu.cmn.SpringbootStudy01ApplicationTests': Unsatisfied dependency expressed through field 'mock'; nested exception is org.springframework.beans.factory.NoSuchBeanDefinitionException: No qualifying bean of type 'org.springframework.test.web.servlet.MockMvc' available: expected at least 1 bean which qualifies as autowire candidate. Dependency annotations: {@org.springframework.beans.factory.annotation.Autowired(required=true)}
	at org.springframework.beans.factory.annotation.AutowiredAnnotationBeanPostProcessor$AutowiredFieldElement.inject(AutowiredAnnotationBeanPostProcessor.java:639) ~[spring-beans-5.2.1.RELEASE.jar:5.2.1.RELEASE]
	at org.springframework.beans.factory.annotation.InjectionMetadata.inject(InjectionMetadata.java:116) ~[spring-beans-5.2.1.RELEASE.jar:5.2.1.RELEASE]
	at org.springframework.beans.factory.annotation.AutowiredAnnotationBeanPostProcessor.postProcessProperties(AutowiredAnnotationBeanPostProcessor.java:397) ~[spring-beans-5.2.1.RELEASE.jar:5.2.1.RELEASE]
	at org.springframework.beans.factory.support.AbstractAutowireCapableBeanFactory.populateBean(AbstractAutowireCapableBeanFactory.java:1429) ~[spring-beans-5.2.1.RELEASE.jar:5.2.1.RELEASE]
	at org.springframework.beans.factory.support.AbstractAutowireCapableBeanFactory.autowireBeanProperties(AbstractAutowireCapableBeanFactory.java:393) ~[spring-beans-5.2.1.RELEASE.jar:5.2.1.RELEASE]
	at org.springframework.test.context.support.DependencyInjectionTestExecutionListener.injectDependencies(DependencyInjectionTestExecutionListener.java:119) ~[spring-test-5.2.1.RELEASE.jar:5.2.1.RELEASE]
	at org.springframework.test.context.support.DependencyInjectionTestExecutionListener.prepareTestInstance(DependencyInjectionTestExecutionListener.java:83) ~[spring-test-5.2.1.RELEASE.jar:5.2.1.RELEASE]
	at org.springframework.boot.test.autoconfigure.SpringBootDependencyInjectionTestExecutionListener.prepareTestInstance(SpringBootDependencyInjectionTestExecutionListener.java:43) ~[spring-boot-test-autoconfigure-2.2.1.RELEASE.jar:2.2.1.RELEASE]
	at org.springframework.test.context.TestContextManager.prepareTestInstance(TestContextManager.java:244) ~[spring-test-5.2.1.RELEASE.jar:5.2.1.RELEASE]
	at org.springframework.test.context.junit.jupiter.SpringExtension.postProcessTestInstance(SpringExtension.java:98) [spring-test-5.2.1.RELEASE.jar:5.2.1.RELEASE]
	at org.junit.jupiter.engine.descriptor.ClassBasedTestDescriptor.lambda$invokeTestInstancePostProcessors$5(ClassBasedTestDescriptor.java:337) [junit-jupiter-engine-5.5.2.jar:5.5.2]
	at org.junit.jupiter.engine.descriptor.ClassBasedTestDescriptor.executeAndMaskThrowable(ClassBasedTestDescriptor.java:342) [junit-jupiter-engine-5.5.2.jar:5.5.2]
	at org.junit.jupiter.engine.descriptor.ClassBasedTestDescriptor.lambda$invokeTestInstancePostProcessors$6(ClassBasedTestDescriptor.java:337) [junit-jupiter-engine-5.5.2.jar:5.5.2]
	at java.util.stream.ReferencePipeline$3$1.accept(Unknown Source) ~[na:1.8.0_221]
	at java.util.stream.ReferencePipeline$2$1.accept(Unknown Source) ~[na:1.8.0_221]
	at java.util.ArrayList$ArrayListSpliterator.forEachRemaining(Unknown Source) ~[na:1.8.0_221]
	at java.util.stream.AbstractPipeline.copyInto(Unknown Source) ~[na:1.8.0_221]
	at java.util.stream.AbstractPipeline.wrapAndCopyInto(Unknown Source) ~[na:1.8.0_221]
	at java.util.stream.StreamSpliterators$WrappingSpliterator.forEachRemaining(Unknown Source) ~[na:1.8.0_221]
	at java.util.stream.Streams$ConcatSpliterator.forEachRemaining(Unknown Source) ~[na:1.8.0_221]
	at java.util.stream.Streams$ConcatSpliterator.forEachRemaining(Unknown Source) ~[na:1.8.0_221]
	at java.util.stream.ReferencePipeline$Head.forEach(Unknown Source) ~[na:1.8.0_221]
	at org.junit.jupiter.engine.descriptor.ClassBasedTestDescriptor.invokeTestInstancePostProcessors(ClassBasedTestDescriptor.java:336) [junit-jupiter-engine-5.5.2.jar:5.5.2]
	at org.junit.jupiter.engine.descriptor.ClassBasedTestDescriptor.instantiateAndPostProcessTestInstance(ClassBasedTestDescriptor.java:259) [junit-jupiter-engine-5.5.2.jar:5.5.2]
	at org.junit.jupiter.engine.descriptor.ClassBasedTestDescriptor.lambda$testInstancesProvider$2(ClassBasedTestDescriptor.java:252) [junit-jupiter-engine-5.5.2.jar:5.5.2]
	at java.util.Optional.orElseGet(Unknown Source) ~[na:1.8.0_221]
	at org.junit.jupiter.engine.descriptor.ClassBasedTestDescriptor.lambda$testInstancesProvider$3(ClassBasedTestDescriptor.java:251) [junit-jupiter-engine-5.5.2.jar:5.5.2]
	at org.junit.jupiter.engine.execution.TestInstancesProvider.getTestInstances(TestInstancesProvider.java:29) ~[junit-jupiter-engine-5.5.2.jar:5.5.2]
	at org.junit.jupiter.engine.descriptor.TestMethodTestDescriptor.lambda$prepare$0(TestMethodTestDescriptor.java:106) ~[junit-jupiter-engine-5.5.2.jar:5.5.2]
	at org.junit.platform.engine.support.hierarchical.ThrowableCollector.execute(ThrowableCollector.java:73) ~[junit-platform-engine-1.5.2.jar:1.5.2]
	at org.junit.jupiter.engine.descriptor.TestMethodTestDescriptor.prepare(TestMethodTestDescriptor.java:105) ~[junit-jupiter-engine-5.5.2.jar:5.5.2]
	at org.junit.jupiter.engine.descriptor.TestMethodTestDescriptor.prepare(TestMethodTestDescriptor.java:69) ~[junit-jupiter-engine-5.5.2.jar:5.5.2]
	at org.junit.platform.engine.support.hierarchical.NodeTestTask.lambda$prepare$1(NodeTestTask.java:107) ~[junit-platform-engine-1.5.2.jar:1.5.2]
	at org.junit.platform.engine.support.hierarchical.ThrowableCollector.execute(ThrowableCollector.java:73) ~[junit-platform-engine-1.5.2.jar:1.5.2]
	at org.junit.platform.engine.support.hierarchical.NodeTestTask.prepare(NodeTestTask.java:107) ~[junit-platform-engine-1.5.2.jar:1.5.2]
	at org.junit.platform.engine.support.hierarchical.NodeTestTask.execute(NodeTestTask.java:75) ~[junit-platform-engine-1.5.2.jar:1.5.2]
	at java.util.ArrayList.forEach(Unknown Source) ~[na:1.8.0_221]
	at org.junit.platform.engine.support.hierarchical.SameThreadHierarchicalTestExecutorService.invokeAll(SameThreadHierarchicalTestExecutorService.java:38) ~[junit-platform-engine-1.5.2.jar:1.5.2]
	at org.junit.platform.engine.support.hierarchical.NodeTestTask.lambda$executeRecursively$5(NodeTestTask.java:139) ~[junit-platform-engine-1.5.2.jar:1.5.2]
	at org.junit.platform.engine.support.hierarchical.ThrowableCollector.execute(ThrowableCollector.java:73) ~[junit-platform-engine-1.5.2.jar:1.5.2]
	at org.junit.platform.engine.support.hierarchical.NodeTestTask.lambda$executeRecursively$7(NodeTestTask.java:125) ~[junit-platform-engine-1.5.2.jar:1.5.2]
	at org.junit.platform.engine.support.hierarchical.Node.around(Node.java:135) ~[junit-platform-engine-1.5.2.jar:1.5.2]
	at org.junit.platform.engine.support.hierarchical.NodeTestTask.lambda$executeRecursively$8(NodeTestTask.java:123) ~[junit-platform-engine-1.5.2.jar:1.5.2]
	at org.junit.platform.engine.support.hierarchical.ThrowableCollector.execute(ThrowableCollector.java:73) ~[junit-platform-engine-1.5.2.jar:1.5.2]
	at org.junit.platform.engine.support.hierarchical.NodeTestTask.executeRecursively(NodeTestTask.java:122) ~[junit-platform-engine-1.5.2.jar:1.5.2]
	at org.junit.platform.engine.support.hierarchical.NodeTestTask.execute(NodeTestTask.java:80) ~[junit-platform-engine-1.5.2.jar:1.5.2]
	at java.util.ArrayList.forEach(Unknown Source) ~[na:1.8.0_221]
	at org.junit.platform.engine.support.hierarchical.SameThreadHierarchicalTestExecutorService.invokeAll(SameThreadHierarchicalTestExecutorService.java:38) ~[junit-platform-engine-1.5.2.jar:1.5.2]
	at org.junit.platform.engine.support.hierarchical.NodeTestTask.lambda$executeRecursively$5(NodeTestTask.java:139) ~[junit-platform-engine-1.5.2.jar:1.5.2]
	at org.junit.platform.engine.support.hierarchical.ThrowableCollector.execute(ThrowableCollector.java:73) ~[junit-platform-engine-1.5.2.jar:1.5.2]
	at org.junit.platform.engine.support.hierarchical.NodeTestTask.lambda$executeRecursively$7(NodeTestTask.java:125) ~[junit-platform-engine-1.5.2.jar:1.5.2]
	at org.junit.platform.engine.support.hierarchical.Node.around(Node.java:135) ~[junit-platform-engine-1.5.2.jar:1.5.2]
	at org.junit.platform.engine.support.hierarchical.NodeTestTask.lambda$executeRecursively$8(NodeTestTask.java:123) ~[junit-platform-engine-1.5.2.jar:1.5.2]
	at org.junit.platform.engine.support.hierarchical.ThrowableCollector.execute(ThrowableCollector.java:73) ~[junit-platform-engine-1.5.2.jar:1.5.2]
	at org.junit.platform.engine.support.hierarchical.NodeTestTask.executeRecursively(NodeTestTask.java:122) ~[junit-platform-engine-1.5.2.jar:1.5.2]
	at org.junit.platform.engine.support.hierarchical.NodeTestTask.execute(NodeTestTask.java:80) ~[junit-platform-engine-1.5.2.jar:1.5.2]
	at org.junit.platform.engine.support.hierarchical.SameThreadHierarchicalTestExecutorService.submit(SameThreadHierarchicalTestExecutorService.java:32) ~[junit-platform-engine-1.5.2.jar:1.5.2]
	at org.junit.platform.engine.support.hierarchical.HierarchicalTestExecutor.execute(HierarchicalTestExecutor.java:57) ~[junit-platform-engine-1.5.2.jar:1.5.2]
	at org.junit.platform.engine.support.hierarchical.HierarchicalTestEngine.execute(HierarchicalTestEngine.java:51) ~[junit-platform-engine-1.5.2.jar:1.5.2]
	at org.junit.platform.launcher.core.DefaultLauncher.execute(DefaultLauncher.java:229) ~[.cp/:na]
	at org.junit.platform.launcher.core.DefaultLauncher.lambda$execute$6(DefaultLauncher.java:197) ~[.cp/:na]
	at org.junit.platform.launcher.core.DefaultLauncher.withInterceptedStreams(DefaultLauncher.java:211) ~[.cp/:na]
	at org.junit.platform.launcher.core.DefaultLauncher.execute(DefaultLauncher.java:191) ~[.cp/:na]
	at org.junit.platform.launcher.core.DefaultLauncher.execute(DefaultLauncher.java:137) ~[.cp/:na]
	at org.eclipse.jdt.internal.junit5.runner.JUnit5TestReference.run(JUnit5TestReference.java:89) ~[.cp/:na]
	at org.eclipse.jdt.internal.junit.runner.TestExecution.run(TestExecution.java:41) ~[.cp/:na]
	at org.eclipse.jdt.internal.junit.runner.RemoteTestRunner.runTests(RemoteTestRunner.java:541) ~[.cp/:na]
	at org.eclipse.jdt.internal.junit.runner.RemoteTestRunner.runTests(RemoteTestRunner.java:763) ~[.cp/:na]
	at org.eclipse.jdt.internal.junit.runner.RemoteTestRunner.run(RemoteTestRunner.java:463) ~[.cp/:na]
	at org.eclipse.jdt.internal.junit.runner.RemoteTestRunner.main(RemoteTestRunner.java:209) ~[.cp/:na]
Caused by: org.springframework.beans.factory.NoSuchBeanDefinitionException: No qualifying bean of type 'org.springframework.test.web.servlet.MockMvc' available: expected at least 1 bean which qualifies as autowire candidate. Dependency annotations: {@org.springframework.beans.factory.annotation.Autowired(required=true)}
	at org.springframework.beans.factory.support.DefaultListableBeanFactory.raiseNoMatchingBeanFound(DefaultListableBeanFactory.java:1695) ~[spring-beans-5.2.1.RELEASE.jar:5.2.1.RELEASE]
	at org.springframework.beans.factory.support.DefaultListableBeanFactory.doResolveDependency(DefaultListableBeanFactory.java:1253) ~[spring-beans-5.2.1.RELEASE.jar:5.2.1.RELEASE]
	at org.springframework.beans.factory.support.DefaultListableBeanFactory.resolveDependency(DefaultListableBeanFactory.java:1207) ~[spring-beans-5.2.1.RELEASE.jar:5.2.1.RELEASE]
	at org.springframework.beans.factory.annotation.AutowiredAnnotationBeanPostProcessor$AutowiredFieldElement.inject(AutowiredAnnotationBeanPostProcessor.java:636) ~[spring-beans-5.2.1.RELEASE.jar:5.2.1.RELEASE]
	... 69 common frames omitted

2019-12-05 13:53:07.826  INFO 5380 --- [SpringContextShutdownHook] o.s.s.concurrent.ThreadPoolTaskExecutor  : Shutting down ExecutorService 'applicationTaskExecutor'
2019-12-05 13:55:54.064  INFO 2148 --- [main] com.edu.cmn.WebTest                      : Starting WebTest on DESKTOP-S1DF2OB with PID 2148 (started by ABC in C:\Users\ABC\git\Study_SpringBoot\Springboot_Study01)
2019-12-05 13:55:54.065 DEBUG 2148 --- [main] com.edu.cmn.WebTest                      : Running with Spring Boot v2.2.1.RELEASE, Spring v5.2.1.RELEASE
2019-12-05 13:55:54.067  INFO 2148 --- [main] com.edu.cmn.WebTest                      : No active profile set, falling back to default profiles: default
2019-12-05 13:55:55.063  INFO 2148 --- [main] o.s.s.concurrent.ThreadPoolTaskExecutor  : Initializing ExecutorService 'applicationTaskExecutor'
2019-12-05 13:55:55.305  INFO 2148 --- [main] o.s.b.t.m.w.SpringBootMockServletContext : Initializing Spring TestDispatcherServlet ''
2019-12-05 13:55:55.305  INFO 2148 --- [main] o.s.t.web.servlet.TestDispatcherServlet  : Initializing Servlet ''
2019-12-05 13:55:55.318  INFO 2148 --- [main] o.s.t.web.servlet.TestDispatcherServlet  : Completed initialization in 13 ms
2019-12-05 13:55:55.353  INFO 2148 --- [main] com.edu.cmn.WebTest                      : Started WebTest in 1.587 seconds (JVM running for 2.62)
2019-12-05 13:55:55.722  INFO 2148 --- [SpringContextShutdownHook] o.s.s.concurrent.ThreadPoolTaskExecutor  : Shutting down ExecutorService 'applicationTaskExecutor'
2019-12-05 13:56:14.300  INFO 6748 --- [main] com.edu.cmn.WebTest                      : Starting WebTest on DESKTOP-S1DF2OB with PID 6748 (started by ABC in C:\Users\ABC\git\Study_SpringBoot\Springboot_Study01)
2019-12-05 13:56:14.301 DEBUG 6748 --- [main] com.edu.cmn.WebTest                      : Running with Spring Boot v2.2.1.RELEASE, Spring v5.2.1.RELEASE
2019-12-05 13:56:14.302  INFO 6748 --- [main] com.edu.cmn.WebTest                      : No active profile set, falling back to default profiles: default
2019-12-05 13:56:15.283  INFO 6748 --- [main] o.s.s.concurrent.ThreadPoolTaskExecutor  : Initializing ExecutorService 'applicationTaskExecutor'
2019-12-05 13:56:15.539  INFO 6748 --- [main] o.s.b.t.m.w.SpringBootMockServletContext : Initializing Spring TestDispatcherServlet ''
2019-12-05 13:56:15.539  INFO 6748 --- [main] o.s.t.web.servlet.TestDispatcherServlet  : Initializing Servlet ''
2019-12-05 13:56:15.552  INFO 6748 --- [main] o.s.t.web.servlet.TestDispatcherServlet  : Completed initialization in 13 ms
2019-12-05 13:56:15.585  INFO 6748 --- [main] com.edu.cmn.WebTest                      : Started WebTest in 1.582 seconds (JVM running for 2.736)
2019-12-05 13:56:15.946  INFO 6748 --- [SpringContextShutdownHook] o.s.s.concurrent.ThreadPoolTaskExecutor  : Shutting down ExecutorService 'applicationTaskExecutor'
2019-12-05 13:56:28.041  INFO 7932 --- [main] com.edu.cmn.WebTest                      : Starting WebTest on DESKTOP-S1DF2OB with PID 7932 (started by ABC in C:\Users\ABC\git\Study_SpringBoot\Springboot_Study01)
2019-12-05 13:56:28.042 DEBUG 7932 --- [main] com.edu.cmn.WebTest                      : Running with Spring Boot v2.2.1.RELEASE, Spring v5.2.1.RELEASE
2019-12-05 13:56:28.044  INFO 7932 --- [main] com.edu.cmn.WebTest                      : No active profile set, falling back to default profiles: default
2019-12-05 13:56:29.099  INFO 7932 --- [main] o.s.s.concurrent.ThreadPoolTaskExecutor  : Initializing ExecutorService 'applicationTaskExecutor'
2019-12-05 13:56:29.341  INFO 7932 --- [main] o.s.b.t.m.w.SpringBootMockServletContext : Initializing Spring TestDispatcherServlet ''
2019-12-05 13:56:29.341  INFO 7932 --- [main] o.s.t.web.servlet.TestDispatcherServlet  : Initializing Servlet ''
2019-12-05 13:56:29.356  INFO 7932 --- [main] o.s.t.web.servlet.TestDispatcherServlet  : Completed initialization in 15 ms
2019-12-05 13:56:29.392  INFO 7932 --- [main] com.edu.cmn.WebTest                      : Started WebTest in 1.667 seconds (JVM running for 2.736)
2019-12-05 13:56:29.762  INFO 7932 --- [SpringContextShutdownHook] o.s.s.concurrent.ThreadPoolTaskExecutor  : Shutting down ExecutorService 'applicationTaskExecutor'
2019-12-05 13:56:45.158  INFO 464 --- [main] com.edu.cmn.WebTest                      : Starting WebTest on DESKTOP-S1DF2OB with PID 464 (started by ABC in C:\Users\ABC\git\Study_SpringBoot\Springboot_Study01)
2019-12-05 13:56:45.159 DEBUG 464 --- [main] com.edu.cmn.WebTest                      : Running with Spring Boot v2.2.1.RELEASE, Spring v5.2.1.RELEASE
2019-12-05 13:56:45.161  INFO 464 --- [main] com.edu.cmn.WebTest                      : No active profile set, falling back to default profiles: default
2019-12-05 13:56:46.118  INFO 464 --- [main] o.s.s.concurrent.ThreadPoolTaskExecutor  : Initializing ExecutorService 'applicationTaskExecutor'
2019-12-05 13:56:46.363  INFO 464 --- [main] o.s.b.t.m.w.SpringBootMockServletContext : Initializing Spring TestDispatcherServlet ''
2019-12-05 13:56:46.363  INFO 464 --- [main] o.s.t.web.servlet.TestDispatcherServlet  : Initializing Servlet ''
2019-12-05 13:56:46.377  INFO 464 --- [main] o.s.t.web.servlet.TestDispatcherServlet  : Completed initialization in 14 ms
2019-12-05 13:56:46.414  INFO 464 --- [main] com.edu.cmn.WebTest                      : Started WebTest in 1.543 seconds (JVM running for 2.574)
2019-12-05 13:56:46.745  INFO 464 --- [SpringContextShutdownHook] o.s.s.concurrent.ThreadPoolTaskExecutor  : Shutting down ExecutorService 'applicationTaskExecutor'
2019-12-05 13:58:30.272  INFO 8976 --- [restartedMain] c.edu.cmn.SpringbootStudy01Application   : Starting SpringbootStudy01Application on DESKTOP-S1DF2OB with PID 8976 (C:\Users\ABC\git\Study_SpringBoot\Springboot_Study01\target\classes started by ABC in C:\Users\ABC\git\Study_SpringBoot\Springboot_Study01)
2019-12-05 13:58:30.274 DEBUG 8976 --- [restartedMain] c.edu.cmn.SpringbootStudy01Application   : Running with Spring Boot v2.2.1.RELEASE, Spring v5.2.1.RELEASE
2019-12-05 13:58:30.275  INFO 8976 --- [restartedMain] c.edu.cmn.SpringbootStudy01Application   : No active profile set, falling back to default profiles: default
2019-12-05 13:58:30.313  INFO 8976 --- [restartedMain] .e.DevToolsPropertyDefaultsPostProcessor : Devtools property defaults active! Set 'spring.devtools.add-properties' to 'false' to disable
2019-12-05 13:58:30.313  INFO 8976 --- [restartedMain] .e.DevToolsPropertyDefaultsPostProcessor : For additional web related logging consider setting the 'logging.level.web' property to 'DEBUG'
2019-12-05 13:58:30.886  WARN 8976 --- [restartedMain] o.m.s.mapper.ClassPathMapperScanner      : No MyBatis mapper was found in '[com.edu.cmn]' package. Please check your configuration.
2019-12-05 13:58:31.243  INFO 8976 --- [restartedMain] o.s.b.w.embedded.tomcat.TomcatWebServer  : Tomcat initialized with port(s): 8080 (http)
2019-12-05 13:58:31.251  INFO 8976 --- [restartedMain] o.apache.catalina.core.StandardService   : Starting service [Tomcat]
2019-12-05 13:58:31.252  INFO 8976 --- [restartedMain] org.apache.catalina.core.StandardEngine  : Starting Servlet engine: [Apache Tomcat/9.0.27]
2019-12-05 13:58:31.318  INFO 8976 --- [restartedMain] o.a.c.c.C.[Tomcat].[localhost].[/]       : Initializing Spring embedded WebApplicationContext
2019-12-05 13:58:31.318  INFO 8976 --- [restartedMain] o.s.web.context.ContextLoader            : Root WebApplicationContext: initialization completed in 1005 ms
2019-12-05 13:58:31.467  INFO 8976 --- [restartedMain] o.s.s.concurrent.ThreadPoolTaskExecutor  : Initializing ExecutorService 'applicationTaskExecutor'
2019-12-05 13:58:31.703  INFO 8976 --- [restartedMain] o.s.b.d.a.OptionalLiveReloadServer       : LiveReload server is running on port 35729
2019-12-05 13:58:31.742  INFO 8976 --- [restartedMain] o.s.b.w.embedded.tomcat.TomcatWebServer  : Tomcat started on port(s): 8080 (http) with context path ''
2019-12-05 13:58:31.745  INFO 8976 --- [restartedMain] c.edu.cmn.SpringbootStudy01Application   : Started SpringbootStudy01Application in 1.789 seconds (JVM running for 2.467)
2019-12-05 13:58:47.233  INFO 8976 --- [http-nio-8080-exec-1] o.a.c.c.C.[Tomcat].[localhost].[/]       : Initializing Spring DispatcherServlet 'dispatcherServlet'
2019-12-05 13:58:47.234  INFO 8976 --- [http-nio-8080-exec-1] o.s.web.servlet.DispatcherServlet        : Initializing Servlet 'dispatcherServlet'
2019-12-05 13:58:47.242  INFO 8976 --- [http-nio-8080-exec-1] o.s.web.servlet.DispatcherServlet        : Completed initialization in 8 ms
